0 info it worked if it ends with ok
1 verbose cli [ 'D:\\Program Files\\nodejs\\\\node.exe',
1 verbose cli   'D:\\Program Files\\nodejs\\node_modules\\npm\\bin\\npm-cli.js',
1 verbose cli   'install',
1 verbose cli   'node-static' ]
2 info using npm@1.3.8
3 info using node@v0.10.18
4 verbose node symlink D:\Program Files\nodejs\\node.exe
5 warn package.json mustache@0.4.0 No repository field.
6 verbose readDependencies using package.json deps
7 verbose cache add [ 'node-static', null ]
8 verbose cache add name=undefined spec="node-static" args=["node-static",null]
9 verbose parsed url { protocol: null,
9 verbose parsed url   slashes: null,
9 verbose parsed url   auth: null,
9 verbose parsed url   host: null,
9 verbose parsed url   port: null,
9 verbose parsed url   hostname: null,
9 verbose parsed url   hash: null,
9 verbose parsed url   search: null,
9 verbose parsed url   query: null,
9 verbose parsed url   pathname: 'node-static',
9 verbose parsed url   path: 'node-static',
9 verbose parsed url   href: 'node-static' }
10 silly lockFile 17070c41-node-static node-static
11 verbose lock node-static C:\Users\zhengf\AppData\Roaming\npm-cache\17070c41-node-static.lock
12 silly lockFile 17070c41-node-static node-static
13 silly lockFile 17070c41-node-static node-static
14 verbose addNamed [ 'node-static', '' ]
15 verbose addNamed [ null, '*' ]
16 silly lockFile 5704b874-node-static node-static@
17 verbose lock node-static@ C:\Users\zhengf\AppData\Roaming\npm-cache\5704b874-node-static.lock
18 silly addNameRange { name: 'node-static', range: '*', hasData: false }
19 verbose url raw node-static
20 verbose url resolving [ 'https://registry.npmjs.org/', './node-static' ]
21 verbose url resolved https://registry.npmjs.org/node-static
22 info trying registry request attempt 1 at 15:55:15
23 http GET https://registry.npmjs.org/node-static
24 info retry will retry, error on last attempt: Error: getaddrinfo ENOTFOUND
25 info trying registry request attempt 2 at 15:55:38
26 http GET https://registry.npmjs.org/node-static
27 info retry will retry, error on last attempt: Error: getaddrinfo ENOTFOUND
28 info trying registry request attempt 3 at 15:56:50
29 http GET https://registry.npmjs.org/node-static
30 silly lockFile 5704b874-node-static node-static@
31 silly lockFile 5704b874-node-static node-static@
32 error network getaddrinfo ENOTFOUND
32 error network This is most likely not a problem with npm itself
32 error network and is related to network connectivity.
32 error network In most cases you are behind a proxy or have bad network settings.
32 error network
32 error network If you are behind a proxy, please make sure that the
32 error network 'proxy' config is set properly.  See: 'npm help config'
33 error System Windows_NT 6.1.7600
34 error command "D:\\Program Files\\nodejs\\\\node.exe" "D:\\Program Files\\nodejs\\node_modules\\npm\\bin\\npm-cli.js" "install" "node-static"
35 error cwd F:\work\revealjs\reveal.js-2.5.0
36 error node -v v0.10.18
37 error npm -v 1.3.8
38 error syscall getaddrinfo
39 error code ENOTFOUND
40 error errno ENOTFOUND
41 verbose exit [ 1, true ]
